<?xml version="1.0" encoding="UTF-8"?>
<!-- Generated by org.testng.reporters.JUnitXMLReporter -->
<testsuite ignored="0" hostname="Hagar-Hussein" failures="0" tests="3" name="Test2" time="26.785" errors="0" timestamp="2021-08-07T22:25:29 EET">
  <testcase classname="Tests.CompanyTests" name="UserCanOpenCompany" time="2.839"/>
  <testcase classname="Tests.ContactUsTests" name="UserCanNotSendInvalidContactUsReqest" time="6.299"/>
  <testcase classname="Tests.CompanyTests" name="OpenFacebook" time="8.091"/>
</testsuite> <!-- Test2 -->
