<?xml version="1.0" encoding="UTF-8"?>
<!-- Generated by org.testng.reporters.JUnitXMLReporter -->
<testsuite ignored="0" hostname="Hagar-Hussein" failures="0" tests="8" name="Test" time="57.428" errors="0" timestamp="2021-08-09T23:58:12 EET">
  <testcase classname="Tests.CompanyTests" name="UserCanOpenCompany" time="10.816"/>
  <testcase classname="Tests.ContactUsTests" name="UserCanNotSendInvalidContactUsReqest" time="14.933"/>
  <testcase classname="Tests.CareersTests" name="checkThatCheckOurOpenPositionsCanBeOpened" time="17.184"/>
  <testcase classname="Tests.CompanyTests" name="OpenFacebook" time="5.403"/>
  <testcase classname="Tests.CareersTests" name="checkThatTheUserCanFilterOpenPositions" time="6.138"/>
  <testcase classname="Tests.CareersTests" name="checkThatTheUserCanNotApplyForPositionWithInvalidEmail" time="2.645"/>
  <testcase classname="Tests.CareersTests" name="checkThatTheUserCanNotApplyForPositionWithEmptyRequiredFields" time="1.59"/>
  <testcase classname="Tests.CareersTests" name="checkThatTheUserCanSearchOpenPositionInEachCity" time="12.602"/>
</testsuite> <!-- Test -->
